<?xml version="1.0" encoding="UTF-8"?>
<!-- Generated by org.testng.reporters.JUnitXMLReporter -->
<testsuite ignored="3" hostname="Apples-MacBook-Air.local" failures="0" tests="1" name="Default test" time="13.041" errors="0" timestamp="2025-01-02T19:34:02 IST">
  <testcase classname="LoginTests.LoginTest" name="verifyLoginPageAllLinksAreClickable" time="0.57"/>
  <testcase classname="LoginTests.LoginTest" name="verifyLoginSuccess" time="0.0">
    <ignored/>
  </testcase> <!-- verifyLoginSuccess -->
  <testcase classname="LoginTests.LoginTest" name="verifyLoginPageTitle" time="0.0">
    <ignored/>
  </testcase> <!-- verifyLoginPageTitle -->
  <testcase classname="LoginTests.LoginTest" name="verifyAppLogoUsingPOM" time="0.0">
    <ignored/>
  </testcase> <!-- verifyAppLogoUsingPOM -->
</testsuite> <!-- Default test -->
