<?xml version="1.0" encoding="UTF-8"?>
<testng-results ignored="0" total="1" passed="1" failed="0" skipped="0">
  <reporter-output>
  </reporter-output>
  <suite started-at="2025-01-02T19:33:44 IST" name="Default suite" finished-at="2025-01-02T19:33:57 IST" duration-ms="13041">
    <groups>
    </groups>
    <test started-at="2025-01-02T19:33:44 IST" name="Default test" finished-at="2025-01-02T19:33:57 IST" duration-ms="13041">
      <class name="LoginTests.LoginTest">
        <test-method is-config="true" signature="setUp()[pri:0, instance:LoginTests.LoginTest@27ce24aa]" started-at="2025-01-02T19:33:44 IST" name="setUp" finished-at="2025-01-02T19:33:55 IST" duration-ms="10986" status="PASS">
          <reporter-output>
          </reporter-output>
        </test-method> <!-- setUp -->
        <test-method signature="verifyLoginPageAllLinksAreClickable()[pri:0, instance:LoginTests.LoginTest@27ce24aa]" started-at="2025-01-02T19:33:55 IST" name="verifyLoginPageAllLinksAreClickable" finished-at="2025-01-02T19:33:56 IST" duration-ms="570" status="PASS">
          <reporter-output>
          </reporter-output>
        </test-method> <!-- verifyLoginPageAllLinksAreClickable -->
        <test-method is-config="true" signature="tearDown()[pri:0, instance:LoginTests.LoginTest@27ce24aa]" started-at="2025-01-02T19:33:56 IST" name="tearDown" finished-at="2025-01-02T19:33:57 IST" duration-ms="1392" status="PASS">
          <reporter-output>
          </reporter-output>
        </test-method> <!-- tearDown -->
      </class> <!-- LoginTests.LoginTest -->
    </test> <!-- Default test -->
  </suite> <!-- Default suite -->
</testng-results>
